<?xml version="1.0" encoding="UTF-8"?>
<!-- Generated by org.testng.reporters.JUnitXMLReporter -->
<testsuite hostname="DinhNK" ignored="3" name="Command line test" tests="4" failures="0" timestamp="23 Oct 2019 07:55:06 GMT" time="113.017" errors="0">
  <testcase name="add_post_show_up" time="43.673" classname="demo.AllPostTest"/>
  <testcase name="can_search_posts" time="39.744" classname="demo.AllPostTest"/>
  <testcase name="Can_Go_To_Edit_Page" time="2.646" classname="demo.PageTest"/>
  <testcase name="Can_Create_A_Basic_Post" time="21.246" classname="demo.PostTest"/>
  <testcase name="@BeforeTest init" time="0.0" classname="demo.WordPressTest">
    <ignored/>
  </testcase> <!-- @BeforeTest init -->
  <testcase name="@BeforeTest init" time="0.0" classname="demo.WordPressTest">
    <ignored/>
  </testcase> <!-- @BeforeTest init -->
  <testcase name="@BeforeTest init" time="0.0" classname="demo.WordPressTest">
    <ignored/>
  </testcase> <!-- @BeforeTest init -->
</testsuite> <!-- Command line test -->
