<?xml version="1.0" encoding="UTF-8"?>
<!-- Generated by org.testng.reporters.JUnitXMLReporter -->
<testsuite hostname="DinhNK" ignored="2" name="Command line test" tests="5" failures="0" timestamp="22 Oct 2019 09:22:33 GMT" time="39.758" errors="0">
  <testcase name="Admin_User_Can_Login" time="3.877" classname="demo.LoginTest"/>
  <testcase name="Can_Go_To_Edit_Page" time="3.208" classname="demo.PageTest"/>
  <testcase name="Can_Create_A_Basic_Post" time="21.913" classname="demo.PostTest"/>
  <testcase name="canGoToHomePage" time="4.231" classname="demo.UnitTest"/>
  <testcase name="canGoToJavaPathPage" time="0.784" classname="demo.UnitTest"/>
  <testcase name="@BeforeTest init" time="0.0" classname="demo.WordPressTest">
    <ignored/>
  </testcase> <!-- @BeforeTest init -->
  <testcase name="@BeforeTest init" time="0.0" classname="demo.WordPressTest">
    <ignored/>
  </testcase> <!-- @BeforeTest init -->
</testsuite> <!-- Command line test -->
