<?xml version="1.0" encoding="UTF-8"?>
<testng-results skipped="0" failed="0" ignored="3" total="7" passed="4">
  <reporter-output>
  </reporter-output>
  <suite name="Command line suite" duration-ms="113017" started-at="2019-10-23T07:53:13Z" finished-at="2019-10-23T07:55:06Z">
    <groups>
    </groups>
    <test name="Command line test" duration-ms="113017" started-at="2019-10-23T07:53:13Z" finished-at="2019-10-23T07:55:06Z">
      <class name="demo.PageTest">
        <test-method status="PASS" signature="Can_Go_To_Edit_Page()[pri:0, instance:demo.PageTest@6442b0a6]" name="Can_Go_To_Edit_Page" duration-ms="2646" started-at="2019-10-23T07:54:43Z" finished-at="2019-10-23T07:54:45Z">
          <reporter-output>
          </reporter-output>
        </test-method> <!-- Can_Go_To_Edit_Page -->
      </class> <!-- demo.PageTest -->
      <class name="demo.AllPostTest">
        <test-method status="PASS" signature="init()[pri:0, instance:demo.AllPostTest@4411d970]" name="init" is-config="true" duration-ms="5691" started-at="2019-10-23T07:53:13Z" finished-at="2019-10-23T07:53:19Z">
          <reporter-output>
          </reporter-output>
        </test-method> <!-- init -->
        <test-method status="PASS" signature="add_post_show_up()[pri:0, instance:demo.AllPostTest@4411d970]" name="add_post_show_up" duration-ms="43673" started-at="2019-10-23T07:53:19Z" finished-at="2019-10-23T07:54:03Z">
          <reporter-output>
          </reporter-output>
        </test-method> <!-- add_post_show_up -->
        <test-method status="PASS" signature="can_search_posts()[pri:0, instance:demo.AllPostTest@4411d970]" name="can_search_posts" duration-ms="39744" started-at="2019-10-23T07:54:03Z" finished-at="2019-10-23T07:54:43Z">
          <reporter-output>
          </reporter-output>
        </test-method> <!-- can_search_posts -->
      </class> <!-- demo.AllPostTest -->
      <class name="demo.PostTest">
        <test-method status="PASS" signature="Can_Create_A_Basic_Post()[pri:0, instance:demo.PostTest@60f82f98]" name="Can_Create_A_Basic_Post" duration-ms="21246" started-at="2019-10-23T07:54:45Z" finished-at="2019-10-23T07:55:06Z">
          <reporter-output>
          </reporter-output>
        </test-method> <!-- Can_Create_A_Basic_Post -->
      </class> <!-- demo.PostTest -->
    </test> <!-- Command line test -->
  </suite> <!-- Command line suite -->
</testng-results>
